Assembler report for scSha1
Thu Jul 16 10:27:10 2015
Quartus II 64-Bit Version 15.0.0 Build 145 04/22/2015 SJ Web Edition


---------------------
; Table of Contents ;
---------------------
  1. Legal Notice
  2. Assembler Summary
  3. Assembler Settings
  4. Assembler Generated Files
  5. Assembler Device Options: C:/Users/Nilsi/Documents/FPGA/scSha1/output_files/scSha1.sof
  6. Assembler Messages



----------------
; Legal Notice ;
----------------
Copyright (C) 1991-2015 Altera Corporation. All rights reserved.
Your use of Altera Corporation's design tools, logic functions 
and other software and tools, and its AMPP partner logic 
functions, and any output files from any of the foregoing 
(including device programming or simulation files), and any 
associated documentation or information are expressly subject 
to the terms and conditions of the Altera Program License 
Subscription Agreement, the Altera Quartus II License Agreement,
the Altera MegaCore Function License Agreement, or other 
applicable license agreement, including, without limitation, 
that your use is for the sole purpose of programming logic 
devices manufactured by Altera and sold by Altera or its 
authorized distributors.  Please refer to the applicable 
agreement for further details.



+---------------------------------------------------------------+
; Assembler Summary                                             ;
+-----------------------+---------------------------------------+
; Assembler Status      ; Successful - Thu Jul 16 10:27:10 2015 ;
; Revision Name         ; scSha1                                ;
; Top-level Entity Name ; scSha1                                ;
; Family                ; Cyclone V                             ;
; Device                ; 5CSEMA5F31C6                          ;
+-----------------------+---------------------------------------+


+----------------------------------+
; Assembler Settings               ;
+--------+---------+---------------+
; Option ; Setting ; Default Value ;
+--------+---------+---------------+


+--------------------------------------------------------------+
; Assembler Generated Files                                    ;
+--------------------------------------------------------------+
; File Name                                                    ;
+--------------------------------------------------------------+
; C:/Users/Nilsi/Documents/FPGA/scSha1/output_files/scSha1.sof ;
+--------------------------------------------------------------+


+----------------------------------------------------------------------------------------+
; Assembler Device Options: C:/Users/Nilsi/Documents/FPGA/scSha1/output_files/scSha1.sof ;
+----------------+-----------------------------------------------------------------------+
; Option         ; Setting                                                               ;
+----------------+-----------------------------------------------------------------------+
; Device         ; 5CSEMA5F31C6                                                          ;
; JTAG usercode  ; 0x01919EEB                                                            ;
; Checksum       ; 0x01919EEB                                                            ;
+----------------+-----------------------------------------------------------------------+


+--------------------+
; Assembler Messages ;
+--------------------+
Info: *******************************************************************
Info: Running Quartus II 64-Bit Assembler
    Info: Version 15.0.0 Build 145 04/22/2015 SJ Web Edition
    Info: Processing started: Thu Jul 16 10:26:37 2015
Info: Command: quartus_asm --read_settings_files=off --write_settings_files=off scSha1 -c scSha1
Info (115030): Assembler is generating device programming files
Info (11878): Hard Processor Subsystem configuration has not changed and a Preloader software update is not required
Info: Quartus II 64-Bit Assembler was successful. 0 errors, 0 warnings
    Info: Peak virtual memory: 852 megabytes
    Info: Processing ended: Thu Jul 16 10:27:11 2015
    Info: Elapsed time: 00:00:34
    Info: Total CPU time (on all processors): 00:00:33


